{"C:\\Users\\ADMIN\\Desktop\\New folder\\DOCKER\\b1\\cicd\\tinhtong.js": {"path":"C:\\Users\\ADMIN\\Desktop\\New folder\\DOCKER\\b1\\cicd\\tinhtong.js","statementMap":{"0":{"start":{"line":1,"column":10},"end":{"line":1,"column":25}},"1":{"start":{"line":1,"column":20},"end":{"line":1,"column":25}},"2":{"start":{"line":2,"column":0},"end":{"line":2,"column":21}}},"fnMap":{"0":{"name":"(anonymous_0)","decl":{"start":{"line":1,"column":10},"end":{"line":1,"column":11}},"loc":{"start":{"line":1,"column":20},"end":{"line":1,"column":25}},"line":1}},"branchMap":{},"s":{"0":1,"1":2,"2":1},"f":{"0":2},"b":{},"_coverageSchema":"1a1c01bbd47fc00a2c39e90264f33305004495a9","hash":"d801fdd615c880e2cb0cf051240178431f61f50b"}
}
